h:\documents\teaching\imat2605\2017\lecture demos\week 24 - profiling\debug\vc140.pdb
h:\documents\teaching\imat2605\2017\lecture demos\week 24 - profiling\debug\vc140.idb
h:\documents\teaching\imat2605\2017\lecture demos\week 24 - profiling\debug\background.obj
h:\documents\teaching\imat2605\2017\lecture demos\week 24 - profiling\debug\ball.obj
h:\documents\teaching\imat2605\2017\lecture demos\week 24 - profiling\debug\box.obj
h:\documents\teaching\imat2605\2017\lecture demos\week 24 - profiling\debug\collidable.obj
h:\documents\teaching\imat2605\2017\lecture demos\week 24 - profiling\debug\collisions.obj
h:\documents\teaching\imat2605\2017\lecture demos\week 24 - profiling\debug\main.obj
h:\documents\teaching\imat2605\2017\lecture demos\week 24 - profiling\debug\movable.obj
h:\documents\teaching\imat2605\2017\lecture demos\week 24 - profiling\debug\scene.obj
h:\documents\teaching\imat2605\2017\lecture demos\week 24 - profiling\debug\textureloader.obj
h:\documents\teaching\imat2605\2017\lecture demos\week 24 - profiling\debug\vector2d.obj
h:\documents\teaching\imat2605\2017\lecture demos\debug\week 24 - profiling.ilk
h:\documents\teaching\imat2605\2017\lecture demos\debug\week 24 - profiling.exe
h:\documents\teaching\imat2605\2017\lecture demos\debug\week 24 - profiling.pdb
h:\documents\teaching\imat2605\2017\lecture demos\week 24 - profiling\debug\week 24 .e9f813fd.tlog\cl.read.1.tlog
h:\documents\teaching\imat2605\2017\lecture demos\week 24 - profiling\debug\week 24 .e9f813fd.tlog\cl.write.1.tlog
h:\documents\teaching\imat2605\2017\lecture demos\week 24 - profiling\debug\week 24 .e9f813fd.tlog\cl.command.1.tlog
h:\documents\teaching\imat2605\2017\lecture demos\week 24 - profiling\debug\week 24 .e9f813fd.tlog\link.command.1.tlog
h:\documents\teaching\imat2605\2017\lecture demos\week 24 - profiling\debug\week 24 .e9f813fd.tlog\link.read.1.tlog
h:\documents\teaching\imat2605\2017\lecture demos\week 24 - profiling\debug\week 24 .e9f813fd.tlog\link.write.1.tlog
